<?xml version="1.0" encoding="UTF-8"?>
<testsuite xmlns:xsi="http://www.w3.org/2001/XMLSchema-instance" xsi:noNamespaceSchemaLocation="https://maven.apache.org/surefire/maven-surefire-plugin/xsd/surefire-test-report.xsd" name="fr.univlyon1.m1if.m1if13.usersspringboot.UsersspringbootApplicationTests" time="2.218" tests="1" errors="0" skipped="0" failures="0">
  <properties>
[...]
</properties>
  <testcase name="contextLoads" classname="fr.univlyon1.m1if.m1if13.usersspringboot.UsersspringbootApplicationTests" time="0.347"/>
</testsuite>